<?xml version="1.0" encoding="UTF-8"?>
<testsuites>
  <testsuite name="C:\Users\Andco\Local Sites\laureandosi\app\phpunit.xml" tests="39" assertions="196" errors="0" failures="0" skipped="0" time="0.561583">
    <testsuite name="Application Test Suite" tests="39" assertions="196" errors="0" failures="0" skipped="0" time="0.561583">
      <testsuite name="CarrieraLaureandoInformaticaTest" file="C:\Users\Andco\Local Sites\laureandosi\app\tests\CarrieraLaureandoInformaticaTest.php" tests="5" assertions="6" errors="0" failures="0" skipped="0" time="0.021478">
        <testcase name="testcalcolaMediaEsamiInformatici" file="C:\Users\Andco\Local Sites\laureandosi\app\tests\CarrieraLaureandoInformaticaTest.php" line="29" class="CarrieraLaureandoInformaticaTest" classname="CarrieraLaureandoInformaticaTest" assertions="1" time="0.006505"/>
        <testcase name="testCalcolaBonusInCorso" file="C:\Users\Andco\Local Sites\laureandosi\app\tests\CarrieraLaureandoInformaticaTest.php" line="42" class="CarrieraLaureandoInformaticaTest" classname="CarrieraLaureandoInformaticaTest" assertions="1" time="0.003404"/>
        <testcase name="testCalcolaBonusFuoriCorso" file="C:\Users\Andco\Local Sites\laureandosi\app\tests\CarrieraLaureandoInformaticaTest.php" line="52" class="CarrieraLaureandoInformaticaTest" classname="CarrieraLaureandoInformaticaTest" assertions="1" time="0.004727"/>
        <testcase name="testRimozioneEsamePiuBasso" file="C:\Users\Andco\Local Sites\laureandosi\app\tests\CarrieraLaureandoInformaticaTest.php" line="62" class="CarrieraLaureandoInformaticaTest" classname="CarrieraLaureandoInformaticaTest" assertions="2" time="0.003334"/>
        <testcase name="testMediaPonderataDopoBonusEsame" file="C:\Users\Andco\Local Sites\laureandosi\app\tests\CarrieraLaureandoInformaticaTest.php" line="99" class="CarrieraLaureandoInformaticaTest" classname="CarrieraLaureandoInformaticaTest" assertions="1" time="0.003508"/>
      </testsuite>
      <testsuite name="CarrieraLaureandoTest" file="C:\Users\Andco\Local Sites\laureandosi\app\tests\CarrieraLaureandoTest.php" tests="10" assertions="113" errors="0" failures="0" skipped="0" time="0.026416">
        <testcase name="testCreazioneCarrieraLaureando" file="C:\Users\Andco\Local Sites\laureandosi\app\tests\CarrieraLaureandoTest.php" line="27" class="CarrieraLaureandoTest" classname="CarrieraLaureandoTest" assertions="1" time="0.001977"/>
        <testcase name="testAnagraficaLaurendo" file="C:\Users\Andco\Local Sites\laureandosi\app\tests\CarrieraLaureandoTest.php" line="35" class="CarrieraLaureandoTest" classname="CarrieraLaureandoTest" assertions="5" time="0.001606"/>
        <testcase name="testCorsoNonSupportato" file="C:\Users\Andco\Local Sites\laureandosi\app\tests\CarrieraLaureandoTest.php" line="47" class="CarrieraLaureandoTest" classname="CarrieraLaureandoTest" assertions="2" time="0.002490"/>
        <testcase name="testMediaPonderata" file="C:\Users\Andco\Local Sites\laureandosi\app\tests\CarrieraLaureandoTest.php" line="57" class="CarrieraLaureandoTest" classname="CarrieraLaureandoTest" assertions="1" time="0.002874"/>
        <testcase name="testFormulaVotoLaurea" file="C:\Users\Andco\Local Sites\laureandosi\app\tests\CarrieraLaureandoTest.php" line="67" class="CarrieraLaureandoTest" classname="CarrieraLaureandoTest" assertions="2" time="0.004315"/>
        <testcase name="testEsami" file="C:\Users\Andco\Local Sites\laureandosi\app\tests\CarrieraLaureandoTest.php" line="77" class="CarrieraLaureandoTest" classname="CarrieraLaureandoTest" assertions="3" time="0.002175"/>
        <testcase name="testElaboraEsami" file="C:\Users\Andco\Local Sites\laureandosi\app\tests\CarrieraLaureandoTest.php" line="88" class="CarrieraLaureandoTest" classname="CarrieraLaureandoTest" assertions="3" time="0.002558"/>
        <testcase name="testCFUTotali" file="C:\Users\Andco\Local Sites\laureandosi\app\tests\CarrieraLaureandoTest.php" line="114" class="CarrieraLaureandoTest" classname="CarrieraLaureandoTest" assertions="1" time="0.001844"/>
        <testcase name="testCFUMedia" file="C:\Users\Andco\Local Sites\laureandosi\app\tests\CarrieraLaureandoTest.php" line="124" class="CarrieraLaureandoTest" classname="CarrieraLaureandoTest" assertions="1" time="0.003047"/>
        <testcase name="testListaEsamiInMedia" file="C:\Users\Andco\Local Sites\laureandosi\app\tests\CarrieraLaureandoTest.php" line="134" class="CarrieraLaureandoTest" classname="CarrieraLaureandoTest" assertions="94" time="0.003530"/>
      </testsuite>
      <testsuite name="EsameLaureandoTest" file="C:\Users\Andco\Local Sites\laureandosi\app\tests\EsameLaureandoTest.php" tests="3" assertions="10" errors="0" failures="0" skipped="0" time="0.000764">
        <testcase name="testCostruttoreEConversione30eLode" file="C:\Users\Andco\Local Sites\laureandosi\app\tests\EsameLaureandoTest.php" line="32" class="EsameLaureandoTest" classname="EsameLaureandoTest" assertions="7" time="0.000271"/>
        <testcase name="testSetInAvg" file="C:\Users\Andco\Local Sites\laureandosi\app\tests\EsameLaureandoTest.php" line="46" class="EsameLaureandoTest" classname="EsameLaureandoTest" assertions="1" time="0.000187"/>
        <testcase name="testIsInformatico" file="C:\Users\Andco\Local Sites\laureandosi\app\tests\EsameLaureandoTest.php" line="55" class="EsameLaureandoTest" classname="EsameLaureandoTest" assertions="2" time="0.000307"/>
      </testsuite>
      <testsuite name="GestioneCarrieraLaureandoTest" file="C:\Users\Andco\Local Sites\laureandosi\app\tests\GestioneCarrieraLaureandoTest.php" tests="3" assertions="34" errors="0" failures="0" skipped="0" time="0.002564">
        <testcase name="testSingleton" file="C:\Users\Andco\Local Sites\laureandosi\app\tests\GestioneCarrieraLaureandoTest.php" line="25" class="GestioneCarrieraLaureandoTest" classname="GestioneCarrieraLaureandoTest" assertions="1" time="0.000771"/>
        <testcase name="testgetAnagraficaLaureando" file="C:\Users\Andco\Local Sites\laureandosi\app\tests\GestioneCarrieraLaureandoTest.php" line="35" class="GestioneCarrieraLaureandoTest" classname="GestioneCarrieraLaureandoTest" assertions="13" time="0.000847"/>
        <testcase name="testgetEsamiLaureando" file="C:\Users\Andco\Local Sites\laureandosi\app\tests\GestioneCarrieraLaureandoTest.php" line="66" class="GestioneCarrieraLaureandoTest" classname="GestioneCarrieraLaureandoTest" assertions="20" time="0.000946"/>
      </testsuite>
      <testsuite name="GestioneInvioEmailTest" file="C:\Users\Andco\Local Sites\laureandosi\app\tests\GestioneInvioEmailTest.php" tests="3" assertions="3" errors="0" failures="0" skipped="0" time="0.460778">
        <testcase name="testSingleton" file="C:\Users\Andco\Local Sites\laureandosi\app\tests\GestioneInvioEmailTest.php" line="34" class="GestioneInvioEmailTest" classname="GestioneInvioEmailTest" assertions="1" time="0.001790"/>
        <testcase name="testInviaEmailConProspetto" file="C:\Users\Andco\Local Sites\laureandosi\app\tests\GestioneInvioEmailTest.php" line="44" class="GestioneInvioEmailTest" classname="GestioneInvioEmailTest" assertions="1" time="0.385374"/>
        <testcase name="testInviaEmailConProspetti" file="C:\Users\Andco\Local Sites\laureandosi\app\tests\GestioneInvioEmailTest.php" line="71" class="GestioneInvioEmailTest" classname="GestioneInvioEmailTest" assertions="1" time="0.073614"/>
      </testsuite>
      <testsuite name="GestioneParametriTest" file="C:\Users\Andco\Local Sites\laureandosi\app\tests\GestioneParametriTest.php" tests="6" assertions="20" errors="0" failures="0" skipped="0" time="0.002661">
        <testcase name="testSingleton" file="C:\Users\Andco\Local Sites\laureandosi\app\tests\GestioneParametriTest.php" line="24" class="GestioneParametriTest" classname="GestioneParametriTest" assertions="1" time="0.000219"/>
        <testcase name="testgetParametriCdl" file="C:\Users\Andco\Local Sites\laureandosi\app\tests\GestioneParametriTest.php" line="34" class="GestioneParametriTest" classname="GestioneParametriTest" assertions="6" time="0.000636"/>
        <testcase name="testgetParametriEsamiInformatici" file="C:\Users\Andco\Local Sites\laureandosi\app\tests\GestioneParametriTest.php" line="55" class="GestioneParametriTest" classname="GestioneParametriTest" assertions="4" time="0.000994"/>
        <testcase name="testgetFiltroEsami" file="C:\Users\Andco\Local Sites\laureandosi\app\tests\GestioneParametriTest.php" line="71" class="GestioneParametriTest" classname="GestioneParametriTest" assertions="5" time="0.000286"/>
        <testcase name="testCorsoSupportato" file="C:\Users\Andco\Local Sites\laureandosi\app\tests\GestioneParametriTest.php" line="91" class="GestioneParametriTest" classname="GestioneParametriTest" assertions="2" time="0.000320"/>
        <testcase name="testGetCorsiSupportati" file="C:\Users\Andco\Local Sites\laureandosi\app\tests\GestioneParametriTest.php" line="100" class="GestioneParametriTest" classname="GestioneParametriTest" assertions="2" time="0.000206"/>
      </testsuite>
      <testsuite name="ProspettoPDFCommissioneTest" file="C:\Users\Andco\Local Sites\laureandosi\app\tests\ProspettoPDFCommissioneTest.php" tests="2" assertions="3" errors="0" failures="0" skipped="0" time="0.014684">
        <testcase name="testCreazioneProspettoPDFCommissione" file="C:\Users\Andco\Local Sites\laureandosi\app\tests\ProspettoPDFCommissioneTest.php" line="36" class="ProspettoPDFCommissioneTest" classname="ProspettoPDFCommissioneTest" assertions="1" time="0.012896"/>
        <testcase name="testGetOutputDir" file="C:\Users\Andco\Local Sites\laureandosi\app\tests\ProspettoPDFCommissioneTest.php" line="45" class="ProspettoPDFCommissioneTest" classname="ProspettoPDFCommissioneTest" assertions="2" time="0.001788"/>
      </testsuite>
      <testsuite name="ProspettoPDFLaureandoSimulazioneTest" file="C:\Users\Andco\Local Sites\laureandosi\app\tests\ProspettoPDFLaureandoSimulazioneTest.php" tests="3" assertions="3" errors="0" failures="0" skipped="0" time="0.017201">
        <testcase name="testCreazioneProspettoPDFLaureandoSimulazione" file="C:\Users\Andco\Local Sites\laureandosi\app\tests\ProspettoPDFLaureandoSimulazioneTest.php" line="32" class="ProspettoPDFLaureandoSimulazioneTest" classname="ProspettoPDFLaureandoSimulazioneTest" assertions="1" time="0.002279"/>
        <testcase name="testGeneraProspettoSimulazione" file="C:\Users\Andco\Local Sites\laureandosi\app\tests\ProspettoPDFLaureandoSimulazioneTest.php" line="41" class="ProspettoPDFLaureandoSimulazioneTest" classname="ProspettoPDFLaureandoSimulazioneTest" assertions="1" time="0.007568"/>
        <testcase name="testGenerazioneEffettivaFileSimulazione" file="C:\Users\Andco\Local Sites\laureandosi\app\tests\ProspettoPDFLaureandoSimulazioneTest.php" line="61" class="ProspettoPDFLaureandoSimulazioneTest" classname="ProspettoPDFLaureandoSimulazioneTest" assertions="1" time="0.007353"/>
      </testsuite>
      <testsuite name="ProspettoPDFLaureandoTest" file="C:\Users\Andco\Local Sites\laureandosi\app\tests\ProspettoPDFLaureandoTest.php" tests="4" assertions="4" errors="0" failures="0" skipped="0" time="0.015038">
        <testcase name="testCreazioneProspettoPDFLaureando" file="C:\Users\Andco\Local Sites\laureandosi\app\tests\ProspettoPDFLaureandoTest.php" line="31" class="ProspettoPDFLaureandoTest" classname="ProspettoPDFLaureandoTest" assertions="1" time="0.002151"/>
        <testcase name="testGeneraProspetto" file="C:\Users\Andco\Local Sites\laureandosi\app\tests\ProspettoPDFLaureandoTest.php" line="40" class="ProspettoPDFLaureandoTest" classname="ProspettoPDFLaureandoTest" assertions="1" time="0.003000"/>
        <testcase name="testSalvaProspetto" file="C:\Users\Andco\Local Sites\laureandosi\app\tests\ProspettoPDFLaureandoTest.php" line="55" class="ProspettoPDFLaureandoTest" classname="ProspettoPDFLaureandoTest" assertions="1" time="0.004950"/>
        <testcase name="testGenerazioneEffettivaFile" file="C:\Users\Andco\Local Sites\laureandosi\app\tests\ProspettoPDFLaureandoTest.php" line="73" class="ProspettoPDFLaureandoTest" classname="ProspettoPDFLaureandoTest" assertions="1" time="0.004937"/>
      </testsuite>
    </testsuite>
  </testsuite>
</testsuites>
